[debug] [2023-09-17T15:10:46.573Z] ----------------------------------------------------------------------
[debug] [2023-09-17T15:10:46.579Z] Command:       C:\Program Files\nodejs\node.exe C:\Users\U\AppData\Roaming\npm\node_modules\firebase-tools\lib\bin\firebase.js init
[debug] [2023-09-17T15:10:46.580Z] CLI Version:   11.16.1
[debug] [2023-09-17T15:10:46.580Z] Platform:      win32
[debug] [2023-09-17T15:10:46.580Z] Node Version:  v20.3.1
[debug] [2023-09-17T15:10:46.581Z] Time:          Sun Sep 17 2023 21:10:46 GMT+0600 (Bangladesh Standard Time)
[debug] [2023-09-17T15:10:46.581Z] ----------------------------------------------------------------------
[debug] 
[debug] [2023-09-17T15:10:46.646Z] >>> [apiv2][query] GET https://firebase-public.firebaseio.com/cli.json [none]
[debug] [2023-09-17T15:10:47.012Z] > command requires scopes: ["email","openid","https://www.googleapis.com/auth/cloudplatformprojects.readonly","https://www.googleapis.com/auth/firebase","https://www.googleapis.com/auth/cloud-platform"]
[debug] [2023-09-17T15:10:47.013Z] > authorizing via signed-in user (akilinjamam@gmail.com)
[info] 
     ######## #### ########  ######## ########     ###     ######  ########
     ##        ##  ##     ## ##       ##     ##  ##   ##  ##       ##
     ######    ##  ########  ######   ########  #########  ######  ######
     ##        ##  ##    ##  ##       ##     ## ##     ##       ## ##
     ##       #### ##     ## ######## ########  ##     ##  ######  ########

You're about to initialize a Firebase project in this directory:

  G:\optometry\optometrist

Before we get started, keep in mind:

  * You are initializing within an existing Firebase project directory

[debug] [2023-09-17T15:10:48.198Z] <<< [apiv2][status] GET https://firebase-public.firebaseio.com/cli.json 200
[debug] [2023-09-17T15:10:48.198Z] <<< [apiv2][body] GET https://firebase-public.firebaseio.com/cli.json {"cloudBuildErrorAfter":1594252800000,"cloudBuildWarnAfter":1590019200000,"defaultNode10After":1594252800000,"minVersion":"3.0.5","node8DeploysDisabledAfter":1613390400000,"node8RuntimeDisabledAfter":1615809600000,"node8WarnAfter":1600128000000}
[info] 
=== Project Setup
[info] 
[info] First, let's associate this project directory with a Firebase project.
[info] You can create multiple project aliases by running firebase use --add, 
[info] but for now we'll just set up a default project.
[info] 
[debug] [2023-09-17T15:11:39.153Z] Using project from CLI flag: oabd
[debug] [2023-09-17T15:11:39.155Z] > refreshing access token with scopes: []
[debug] [2023-09-17T15:11:39.159Z] >>> [apiv2][query] POST https://www.googleapis.com/oauth2/v3/token [none]
[debug] [2023-09-17T15:11:39.159Z] >>> [apiv2][body] POST https://www.googleapis.com/oauth2/v3/token [omitted]
[debug] [2023-09-17T15:11:39.599Z] <<< [apiv2][status] POST https://www.googleapis.com/oauth2/v3/token 200
[debug] [2023-09-17T15:11:39.600Z] <<< [apiv2][body] POST https://www.googleapis.com/oauth2/v3/token [omitted]
[debug] [2023-09-17T15:11:39.683Z] >>> [apiv2][query] GET https://firebase.googleapis.com/v1beta1/projects/oabd [none]
[debug] [2023-09-17T15:11:40.410Z] <<< [apiv2][status] GET https://firebase.googleapis.com/v1beta1/projects/oabd 403
[debug] [2023-09-17T15:11:40.410Z] <<< [apiv2][body] GET https://firebase.googleapis.com/v1beta1/projects/oabd {"error":{"code":403,"message":"The caller does not have permission","status":"PERMISSION_DENIED"}}
[debug] [2023-09-17T15:11:40.411Z] HTTP Error: 403, The caller does not have permission
[debug] [2023-09-17T15:11:40.414Z] FirebaseError: HTTP Error: 403, The caller does not have permission
    at responseToError (C:\Users\U\AppData\Roaming\npm\node_modules\firebase-tools\lib\responseToError.js:49:12)
    at RetryOperation._fn (C:\Users\U\AppData\Roaming\npm\node_modules\firebase-tools\lib\apiv2.js:288:77)
    at process.processTicksAndRejections (node:internal/process/task_queues:95:5)
[error] 
[error] Error: Failed to get Firebase project oabd. Please make sure the project exists and your account has permission to access it.
[debug] [2023-09-17T15:12:09.994Z] ----------------------------------------------------------------------
[debug] [2023-09-17T15:12:10.004Z] Command:       C:\Program Files\nodejs\node.exe C:\Users\U\AppData\Roaming\npm\node_modules\firebase-tools\lib\bin\firebase.js init
[debug] [2023-09-17T15:12:10.006Z] CLI Version:   11.16.1
[debug] [2023-09-17T15:12:10.007Z] Platform:      win32
[debug] [2023-09-17T15:12:10.007Z] Node Version:  v20.3.1
[debug] [2023-09-17T15:12:10.007Z] Time:          Sun Sep 17 2023 21:12:10 GMT+0600 (Bangladesh Standard Time)
[debug] [2023-09-17T15:12:10.008Z] ----------------------------------------------------------------------
[debug] 
[debug] [2023-09-17T15:12:10.408Z] > command requires scopes: ["email","openid","https://www.googleapis.com/auth/cloudplatformprojects.readonly","https://www.googleapis.com/auth/firebase","https://www.googleapis.com/auth/cloud-platform"]
[debug] [2023-09-17T15:12:10.410Z] > authorizing via signed-in user (akilinjamam@gmail.com)
[info] 
     ######## #### ########  ######## ########     ###     ######  ########
     ##        ##  ##     ## ##       ##     ##  ##   ##  ##       ##
     ######    ##  ########  ######   ########  #########  ######  ######
     ##        ##  ##    ##  ##       ##     ## ##     ##       ## ##
     ##       #### ##     ## ######## ########  ##     ##  ######  ########

You're about to initialize a Firebase project in this directory:

  G:\optometry\optometrist

Before we get started, keep in mind:

  * You are initializing within an existing Firebase project directory

[info] 
=== Project Setup
[info] 
[info] First, let's associate this project directory with a Firebase project.
[info] You can create multiple project aliases by running firebase use --add, 
[info] but for now we'll just set up a default project.
[info] 
[debug] [2023-09-17T15:13:14.373Z] Using project from CLI flag: oabd
[debug] [2023-09-17T15:13:14.381Z] >>> [apiv2][query] GET https://firebase.googleapis.com/v1beta1/projects/oabd [none]
[debug] [2023-09-17T15:13:15.335Z] <<< [apiv2][status] GET https://firebase.googleapis.com/v1beta1/projects/oabd 403
[debug] [2023-09-17T15:13:15.336Z] <<< [apiv2][body] GET https://firebase.googleapis.com/v1beta1/projects/oabd {"error":{"code":403,"message":"The caller does not have permission","status":"PERMISSION_DENIED"}}
[debug] [2023-09-17T15:13:15.337Z] HTTP Error: 403, The caller does not have permission
[debug] [2023-09-17T15:13:15.341Z] FirebaseError: HTTP Error: 403, The caller does not have permission
    at responseToError (C:\Users\U\AppData\Roaming\npm\node_modules\firebase-tools\lib\responseToError.js:49:12)
    at RetryOperation._fn (C:\Users\U\AppData\Roaming\npm\node_modules\firebase-tools\lib\apiv2.js:288:77)
    at process.processTicksAndRejections (node:internal/process/task_queues:95:5)
[error] 
[error] Error: Failed to get Firebase project oabd. Please make sure the project exists and your account has permission to access it.
[debug] [2023-09-17T15:17:15.621Z] ----------------------------------------------------------------------
[debug] [2023-09-17T15:17:15.627Z] Command:       C:\Program Files\nodejs\node.exe C:\Users\U\AppData\Roaming\npm\node_modules\firebase-tools\lib\bin\firebase.js init
[debug] [2023-09-17T15:17:15.628Z] CLI Version:   11.16.1
[debug] [2023-09-17T15:17:15.628Z] Platform:      win32
[debug] [2023-09-17T15:17:15.628Z] Node Version:  v20.3.1
[debug] [2023-09-17T15:17:15.628Z] Time:          Sun Sep 17 2023 21:17:15 GMT+0600 (Bangladesh Standard Time)
[debug] [2023-09-17T15:17:15.629Z] ----------------------------------------------------------------------
[debug] 
[debug] [2023-09-17T15:17:15.859Z] > command requires scopes: ["email","openid","https://www.googleapis.com/auth/cloudplatformprojects.readonly","https://www.googleapis.com/auth/firebase","https://www.googleapis.com/auth/cloud-platform"]
[debug] [2023-09-17T15:17:15.861Z] > authorizing via signed-in user (akilinjamam@gmail.com)
[info] 
     ######## #### ########  ######## ########     ###     ######  ########
     ##        ##  ##     ## ##       ##     ##  ##   ##  ##       ##
     ######    ##  ########  ######   ########  #########  ######  ######
     ##        ##  ##    ##  ##       ##     ## ##     ##       ## ##
     ##       #### ##     ## ######## ########  ##     ##  ######  ########

You're about to initialize a Firebase project in this directory:

  G:\optometry\optometrist

Before we get started, keep in mind:

  * You are initializing within an existing Firebase project directory

[info] 
=== Project Setup
[info] 
[info] First, let's associate this project directory with a Firebase project.
[info] You can create multiple project aliases by running firebase use --add, 
[info] but for now we'll just set up a default project.
[info] 
[debug] [2023-09-17T15:17:27.408Z] Using project from CLI flag: oabd
[debug] [2023-09-17T15:17:27.414Z] >>> [apiv2][query] GET https://firebase.googleapis.com/v1beta1/projects/oabd [none]
[debug] [2023-09-17T15:17:28.455Z] <<< [apiv2][status] GET https://firebase.googleapis.com/v1beta1/projects/oabd 403
[debug] [2023-09-17T15:17:28.456Z] <<< [apiv2][body] GET https://firebase.googleapis.com/v1beta1/projects/oabd {"error":{"code":403,"message":"The caller does not have permission","status":"PERMISSION_DENIED"}}
[debug] [2023-09-17T15:17:28.457Z] HTTP Error: 403, The caller does not have permission
[debug] [2023-09-17T15:17:28.459Z] FirebaseError: HTTP Error: 403, The caller does not have permission
    at responseToError (C:\Users\U\AppData\Roaming\npm\node_modules\firebase-tools\lib\responseToError.js:49:12)
    at RetryOperation._fn (C:\Users\U\AppData\Roaming\npm\node_modules\firebase-tools\lib\apiv2.js:288:77)
    at process.processTicksAndRejections (node:internal/process/task_queues:95:5)
[error] 
[error] Error: Failed to get Firebase project oabd. Please make sure the project exists and your account has permission to access it.
